[0.118s] Invoking command in '/home/jasper/RoboWorks_Comp_Team/brain/build/roboworks_brain': CMAKE_PREFIX_PATH=${CMAKE_PREFIX_PATH}:/home/jasper/ws_moveit2/install/moveit_configs_utils:/home/jasper/ws_moveit2/install/launch_param_builder:/opt/ros/humble /usr/bin/cmake --build /home/jasper/RoboWorks_Comp_Team/brain/build/roboworks_brain -- -j8 -l8
[0.153s] -- Found ament_cmake: 1.3.5 (/opt/ros/humble/share/ament_cmake/cmake)
[0.307s] -- Found rclcpp: 16.0.6 (/opt/ros/humble/share/rclcpp/cmake)
[0.339s] -- Found rosidl_generator_c: 3.1.5 (/opt/ros/humble/share/rosidl_generator_c/cmake)
[0.342s] -- Found rosidl_adapter: 3.1.5 (/opt/ros/humble/share/rosidl_adapter/cmake)
[0.348s] -- Found rosidl_generator_cpp: 3.1.5 (/opt/ros/humble/share/rosidl_generator_cpp/cmake)
[0.361s] -- Using all available rosidl_typesupport_c: rosidl_typesupport_fastrtps_c;rosidl_typesupport_introspection_c
[0.379s] -- Using all available rosidl_typesupport_cpp: rosidl_typesupport_fastrtps_cpp;rosidl_typesupport_introspection_cpp
[0.444s] -- Found rmw_implementation_cmake: 6.1.1 (/opt/ros/humble/share/rmw_implementation_cmake/cmake)
[0.448s] -- Found rmw_fastrtps_cpp: 6.2.4 (/opt/ros/humble/share/rmw_fastrtps_cpp/cmake)
[0.607s] -- Using RMW implementation 'rmw_fastrtps_cpp' as default
[0.775s] -- Found roboworks_brain_interfaces: 0.0.0 (/home/jasper/RoboWorks_Comp_Team/brain/install/roboworks_brain_interfaces/share/roboworks_brain_interfaces/cmake)
[0.796s] -- Found ament_lint_auto: 0.12.8 (/opt/ros/humble/share/ament_lint_auto/cmake)
[0.867s] -- Added test 'cppcheck' to perform static code analysis on C / C++ code
[0.868s] -- Configured cppcheck include dirs: $<BUILD_INTERFACE:/home/jasper/RoboWorks_Comp_Team/brain/src/roboworks_brain/include>
[0.868s] -- Configured cppcheck exclude dirs and/or files: 
[0.868s] -- Added test 'lint_cmake' to check CMake code style
[0.869s] -- Added test 'uncrustify' to check C / C++ code style
[0.869s] -- Configured uncrustify additional arguments: 
[0.870s] -- Added test 'xmllint' to check XML markup files
[0.870s] -- Configuring done
[0.881s] -- Generating done
[0.882s] -- Build files have been written to: /home/jasper/RoboWorks_Comp_Team/brain/build/roboworks_brain
[0.920s] [35m[1mConsolidate compiler generated dependencies of target brain_node[0m
[0.945s] [ 50%] [32mBuilding CXX object CMakeFiles/brain_node.dir/src/brain_node.cpp.o[0m
[3.132s] [01m[K/home/jasper/RoboWorks_Comp_Team/brain/src/roboworks_brain/src/brain_node.cpp:140:20:[m[K [01;31m[Kerror: [m[Kâ€˜[01m[Kexample_interfaces[m[Kâ€™ was not declared in this scope; did you mean â€˜[01m[Krcl_interfaces[m[Kâ€™?
[3.132s]   140 |     rclcpp::Client<[01;31m[Kexample_interfaces[m[K::srv::AddTwoInts>::SharedPtr taskOp_client;
[3.132s]       |                    [01;31m[K^~~~~~~~~~~~~~~~~~[m[K
[3.132s]       |                    [32m[Krcl_interfaces[m[K
[3.132s] [01m[K/home/jasper/RoboWorks_Comp_Team/brain/src/roboworks_brain/src/brain_node.cpp:140:55:[m[K [01;31m[Kerror: [m[Ktemplate argument 1 is invalid
[3.132s]   140 |     rclcpp::Client<example_interfaces::srv::AddTwoInts[01;31m[K>[m[K::SharedPtr taskOp_client;
[3.132s]       |                                                       [01;31m[K^[m[K
[3.132s] [01m[K/home/jasper/RoboWorks_Comp_Team/brain/src/roboworks_brain/src/brain_node.cpp:140:58:[m[K [01;31m[Kerror: [m[Kexpected â€˜[01m[K;[m[Kâ€™ at end of member declaration
[3.132s]   140 |     rclcpp::Client<example_interfaces::srv::AddTwoInts>::[01;31m[KSharedPtr[m[K taskOp_client;
[3.132s]       |                                                          [01;31m[K^~~~~~~~~[m[K
[3.132s]       |                                                                   [32m[K;[m[K
[3.134s] [01m[K/home/jasper/RoboWorks_Comp_Team/brain/src/roboworks_brain/src/brain_node.cpp:140:68:[m[K [01;31m[Kerror: [m[Kâ€˜[01m[KtaskOp_client[m[Kâ€™ does not name a type
[3.134s]   140 | cpp::Client<example_interfaces::srv::AddTwoInts>::SharedPtr [01;31m[KtaskOp_client[m[K;
[3.134s]       |                                                             [01;31m[K^~~~~~~~~~~~~[m[K
[3.134s] 
[3.143s] [01m[K/home/jasper/RoboWorks_Comp_Team/brain/src/roboworks_brain/src/brain_node.cpp:145:20:[m[K [01;31m[Kerror: [m[Kâ€˜[01m[Kexample_interfaces[m[Kâ€™ was not declared in this scope; did you mean â€˜[01m[Krcl_interfaces[m[Kâ€™?
[3.143s]   145 |     rclcpp::Client<[01;31m[Kexample_interfaces[m[K::srv::AddTwoInts>::SharedPtr armPickPlace_client;
[3.143s]       |                    [01;31m[K^~~~~~~~~~~~~~~~~~[m[K
[3.143s]       |                    [32m[Krcl_interfaces[m[K
[3.143s] [01m[K/home/jasper/RoboWorks_Comp_Team/brain/src/roboworks_brain/src/brain_node.cpp:145:55:[m[K [01;31m[Kerror: [m[Ktemplate argument 1 is invalid
[3.143s]   145 |     rclcpp::Client<example_interfaces::srv::AddTwoInts[01;31m[K>[m[K::SharedPtr armPickPlace_client;
[3.143s]       |                                                       [01;31m[K^[m[K
[3.143s] [01m[K/home/jasper/RoboWorks_Comp_Team/brain/src/roboworks_brain/src/brain_node.cpp:145:58:[m[K [01;31m[Kerror: [m[Kexpected â€˜[01m[K;[m[Kâ€™ at end of member declaration
[3.143s]   145 |     rclcpp::Client<example_interfaces::srv::AddTwoInts>::[01;31m[KSharedPtr[m[K armPickPlace_client;
[3.143s]       |                                                          [01;31m[K^~~~~~~~~[m[K
[3.143s]       |                                                                   [32m[K;[m[K
[3.143s] [01m[K/home/jasper/RoboWorks_Comp_Team/brain/src/roboworks_brain/src/brain_node.cpp:145:58:[m[K [01;31m[Kerror: [m[Kredeclaration of â€˜[01m[Kint brainNode::SharedPtr[m[Kâ€™
[3.143s] [01m[K/home/jasper/RoboWorks_Comp_Team/brain/src/roboworks_brain/src/brain_node.cpp:140:58:[m[K [01;36m[Knote: [m[Kprevious declaration â€˜[01m[Kint brainNode::SharedPtr[m[Kâ€™
[3.144s]   140 |     rclcpp::Client<example_interfaces::srv::AddTwoInts>::[01;36m[KSharedPtr[m[K taskOp_client;
[3.144s]       |                                                          [01;36m[K^~~~~~~~~[m[K
[3.147s] [01m[K/home/jasper/RoboWorks_Comp_Team/brain/src/roboworks_brain/src/brain_node.cpp:145:68:[m[K [01;31m[Kerror: [m[Kâ€˜[01m[KarmPickPlace_client[m[Kâ€™ does not name a type
[3.147s]   145 | cpp::Client<example_interfaces::srv::AddTwoInts>::SharedPtr [01;31m[KarmPickPlace_client[m[K;
[3.147s]       |                                                             [01;31m[K^~~~~~~~~~~~~~~~~~~[m[K
[3.147s] 
[3.156s] [01m[K/home/jasper/RoboWorks_Comp_Team/brain/src/roboworks_brain/src/brain_node.cpp:150:20:[m[K [01;31m[Kerror: [m[Kâ€˜[01m[Kexample_interfaces[m[Kâ€™ was not declared in this scope; did you mean â€˜[01m[Krcl_interfaces[m[Kâ€™?
[3.156s]   150 |     rclcpp::Client<[01;31m[Kexample_interfaces[m[K::srv::AddTwoInts>::SharedPtr navTo_client;
[3.156s]       |                    [01;31m[K^~~~~~~~~~~~~~~~~~[m[K
[3.156s]       |                    [32m[Krcl_interfaces[m[K
[3.156s] [01m[K/home/jasper/RoboWorks_Comp_Team/brain/src/roboworks_brain/src/brain_node.cpp:150:55:[m[K [01;31m[Kerror: [m[Ktemplate argument 1 is invalid
[3.156s]   150 |     rclcpp::Client<example_interfaces::srv::AddTwoInts[01;31m[K>[m[K::SharedPtr navTo_client;
[3.156s]       |                                                       [01;31m[K^[m[K
[3.156s] [01m[K/home/jasper/RoboWorks_Comp_Team/brain/src/roboworks_brain/src/brain_node.cpp:150:58:[m[K [01;31m[Kerror: [m[Kexpected â€˜[01m[K;[m[Kâ€™ at end of member declaration
[3.156s]   150 |     rclcpp::Client<example_interfaces::srv::AddTwoInts>::[01;31m[KSharedPtr[m[K navTo_client;
[3.156s]       |                                                          [01;31m[K^~~~~~~~~[m[K
[3.156s]       |                                                                   [32m[K;[m[K
[3.156s] [01m[K/home/jasper/RoboWorks_Comp_Team/brain/src/roboworks_brain/src/brain_node.cpp:150:58:[m[K [01;31m[Kerror: [m[Kredeclaration of â€˜[01m[Kint brainNode::SharedPtr[m[Kâ€™
[3.157s] [01m[K/home/jasper/RoboWorks_Comp_Team/brain/src/roboworks_brain/src/brain_node.cpp:140:58:[m[K [01;36m[Knote: [m[Kprevious declaration â€˜[01m[Kint brainNode::SharedPtr[m[Kâ€™
[3.157s]   140 |     rclcpp::Client<example_interfaces::srv::AddTwoInts>::[01;36m[KSharedPtr[m[K taskOp_client;
[3.157s]       |                                                          [01;36m[K^~~~~~~~~[m[K
[3.159s] [01m[K/home/jasper/RoboWorks_Comp_Team/brain/src/roboworks_brain/src/brain_node.cpp:150:68:[m[K [01;31m[Kerror: [m[Kâ€˜[01m[KnavTo_client[m[Kâ€™ does not name a type
[3.160s]   150 | cpp::Client<example_interfaces::srv::AddTwoInts>::SharedPtr [01;31m[KnavTo_client[m[K;
[3.160s]       |                                                             [01;31m[K^~~~~~~~~~~~[m[K
[3.160s] 
[3.167s] [01m[K/home/jasper/RoboWorks_Comp_Team/brain/src/roboworks_brain/src/brain_node.cpp:[m[K In constructor â€˜[01m[KbrainNode::brainNode()[m[Kâ€™:
[3.167s] [01m[K/home/jasper/RoboWorks_Comp_Team/brain/src/roboworks_brain/src/brain_node.cpp:21:7:[m[K [01;31m[Kerror: [m[Kâ€˜[01m[KtaskOp_client[m[Kâ€™ was not declared in this scope
[3.167s]    21 |       [01;31m[KtaskOp_client[m[K = this->create_client<example_interfaces::srv::AddTwoInts>("get_opt_list");
[3.167s]       |       [01;31m[K^~~~~~~~~~~~~[m[K
[3.175s] [01m[K/home/jasper/RoboWorks_Comp_Team/brain/src/roboworks_brain/src/brain_node.cpp:21:43:[m[K [01;31m[Kerror: [m[Kâ€˜[01m[Kexample_interfaces[m[Kâ€™ was not declared in this scope; did you mean â€˜[01m[Krcl_interfaces[m[Kâ€™?
[3.175s]    21 |       taskOp_client = this->create_client<[01;31m[Kexample_interfaces[m[K::srv::AddTwoInts>("get_opt_list");
[3.176s]       |                                           [01;31m[K^~~~~~~~~~~~~~~~~~[m[K
[3.176s]       |                                           [32m[Krcl_interfaces[m[K
[3.176s] [01m[K/home/jasper/RoboWorks_Comp_Team/brain/src/roboworks_brain/src/brain_node.cpp:21:29:[m[K [01;31m[Kerror: [m[Kparse error in template argument list
[3.176s]    21 |       taskOp_client = this->[01;31m[Kcreate_client<example_interfaces::srv::AddTwoInts>[m[K("get_opt_list");
[3.176s]       |                             [01;31m[K^~~~~~~~~~~~~~~~~~~~~~~~~~~~~~~~~~~~~~~~~~~~~~~~~~[m[K
[3.176s] [01m[K/home/jasper/RoboWorks_Comp_Team/brain/src/roboworks_brain/src/brain_node.cpp:21:79:[m[K [01;31m[Kerror: [m[Kno matching function for call to â€˜[01m[KbrainNode::create_client<<expression error> >(const char [13])[m[Kâ€™
[3.176s]    21 | t = [01;31m[Kthis->create_client<example_interfaces::srv::AddTwoInts>("get_opt_list")[m[K;
[3.176s]       |     [01;31m[K~~~~~~~~~~~~~~~~~~~~~~~~~~~~~~~~~~~~~~~~~~~~~~~~~~~~~~~~^~~~~~~~~~~~~~~~[m[K
[3.176s] 
[3.176s] In file included from [01m[K/opt/ros/humble/include/rclcpp/rclcpp/executors/single_threaded_executor.hpp:28[m[K,
[3.176s]                  from [01m[K/opt/ros/humble/include/rclcpp/rclcpp/executors.hpp:22[m[K,
[3.176s]                  from [01m[K/opt/ros/humble/include/rclcpp/rclcpp/rclcpp.hpp:155[m[K,
[3.176s]                  from [01m[K/home/jasper/RoboWorks_Comp_Team/brain/src/roboworks_brain/src/brain_node.cpp:1[m[K:
[3.176s] [01m[K/opt/ros/humble/include/rclcpp/rclcpp/node.hpp:252:3:[m[K [01;36m[Knote: [m[Kcandidate: â€˜[01m[Ktemplate<class ServiceT> typename rclcpp::Client<ServiceT>::SharedPtr rclcpp::Node::create_client(const string&, const rmw_qos_profile_t&, rclcpp::CallbackGroup::SharedPtr)[m[Kâ€™
[3.176s]   252 |   [01;36m[Kcreate_client[m[K(
[3.176s]       |   [01;36m[K^~~~~~~~~~~~~[m[K
[3.176s] [01m[K/opt/ros/humble/include/rclcpp/rclcpp/node.hpp:252:3:[m[K [01;36m[Knote: [m[K  template argument deduction/substitution failed:
[3.177s] [01m[K/home/jasper/RoboWorks_Comp_Team/brain/src/roboworks_brain/src/brain_node.cpp:21:79:[m[K [01;31m[Kerror: [m[Ktemplate argument 1 is invalid
[3.177s]    21 | t = [01;31m[Kthis->create_client<example_interfaces::srv::AddTwoInts>("get_opt_list")[m[K;
[3.177s]       |     [01;31m[K~~~~~~~~~~~~~~~~~~~~~~~~~~~~~~~~~~~~~~~~~~~~~~~~~~~~~~~~^~~~~~~~~~~~~~~~[m[K
[3.177s] 
[3.185s] [01m[K/home/jasper/RoboWorks_Comp_Team/brain/src/roboworks_brain/src/brain_node.cpp:22:7:[m[K [01;31m[Kerror: [m[Kâ€˜[01m[KarmPickPlace_client[m[Kâ€™ was not declared in this scope; did you mean â€˜[01m[Krmw_create_client[m[Kâ€™?
[3.185s]    22 |       [01;31m[KarmPickPlace_client[m[K = this->create_client<example_interfaces::srv::AddTwoInts>("pick_place");
[3.185s]       |       [01;31m[K^~~~~~~~~~~~~~~~~~~[m[K
[3.185s]       |       [32m[Krmw_create_client[m[K
[3.185s] [01m[K/home/jasper/RoboWorks_Comp_Team/brain/src/roboworks_brain/src/brain_node.cpp:22:35:[m[K [01;31m[Kerror: [m[Kparse error in template argument list
[3.185s]    22 |       armPickPlace_client = this->[01;31m[Kcreate_client<example_interfaces::srv::AddTwoInts>[m[K("pick_place");
[3.185s]       |                                   [01;31m[K^~~~~~~~~~~~~~~~~~~~~~~~~~~~~~~~~~~~~~~~~~~~~~~~~~[m[K
[3.185s] [01m[K/home/jasper/RoboWorks_Comp_Team/brain/src/roboworks_brain/src/brain_node.cpp:22:85:[m[K [01;31m[Kerror: [m[Kno matching function for call to â€˜[01m[KbrainNode::create_client<example_interfaces>(const char [11])[m[Kâ€™
[3.185s]    22 | t = [01;31m[Kthis->create_client<example_interfaces::srv::AddTwoInts>("pick_place")[m[K;
[3.185s]       |     [01;31m[K~~~~~~~~~~~~~~~~~~~~~~~~~~~~~~~~~~~~~~~~~~~~~~~~~~~~~~~~^~~~~~~~~~~~~~[m[K
[3.185s] 
[3.185s] In file included from [01m[K/opt/ros/humble/include/rclcpp/rclcpp/executors/single_threaded_executor.hpp:28[m[K,
[3.186s]                  from [01m[K/opt/ros/humble/include/rclcpp/rclcpp/executors.hpp:22[m[K,
[3.186s]                  from [01m[K/opt/ros/humble/include/rclcpp/rclcpp/rclcpp.hpp:155[m[K,
[3.186s]                  from [01m[K/home/jasper/RoboWorks_Comp_Team/brain/src/roboworks_brain/src/brain_node.cpp:1[m[K:
[3.186s] [01m[K/opt/ros/humble/include/rclcpp/rclcpp/node.hpp:252:3:[m[K [01;36m[Knote: [m[Kcandidate: â€˜[01m[Ktemplate<class ServiceT> typename rclcpp::Client<ServiceT>::SharedPtr rclcpp::Node::create_client(const string&, const rmw_qos_profile_t&, rclcpp::CallbackGroup::SharedPtr)[m[Kâ€™
[3.186s]   252 |   [01;36m[Kcreate_client[m[K(
[3.186s]       |   [01;36m[K^~~~~~~~~~~~~[m[K
[3.186s] [01m[K/opt/ros/humble/include/rclcpp/rclcpp/node.hpp:252:3:[m[K [01;36m[Knote: [m[K  template argument deduction/substitution failed:
[3.192s] [01m[K/home/jasper/RoboWorks_Comp_Team/brain/src/roboworks_brain/src/brain_node.cpp:23:7:[m[K [01;31m[Kerror: [m[Kâ€˜[01m[KnavTo_client[m[Kâ€™ was not declared in this scope
[3.192s]    23 |       [01;31m[KnavTo_client[m[K = this->create_client<example_interfaces::srv::AddTwoInts>("go_to_position");
[3.192s]       |       [01;31m[K^~~~~~~~~~~~[m[K
[3.192s] [01m[K/home/jasper/RoboWorks_Comp_Team/brain/src/roboworks_brain/src/brain_node.cpp:23:28:[m[K [01;31m[Kerror: [m[Kparse error in template argument list
[3.192s]    23 |       navTo_client = this->[01;31m[Kcreate_client<example_interfaces::srv::AddTwoInts>[m[K("go_to_position");
[3.192s]       |                            [01;31m[K^~~~~~~~~~~~~~~~~~~~~~~~~~~~~~~~~~~~~~~~~~~~~~~~~~[m[K
[3.192s] [01m[K/home/jasper/RoboWorks_Comp_Team/brain/src/roboworks_brain/src/brain_node.cpp:23:78:[m[K [01;31m[Kerror: [m[Kno matching function for call to â€˜[01m[KbrainNode::create_client<example_interfaces>(const char [15])[m[Kâ€™
[3.192s]    23 | t = [01;31m[Kthis->create_client<example_interfaces::srv::AddTwoInts>("go_to_position")[m[K;
[3.192s]       |     [01;31m[K~~~~~~~~~~~~~~~~~~~~~~~~~~~~~~~~~~~~~~~~~~~~~~~~~~~~~~~~^~~~~~~~~~~~~~~~~~[m[K
[3.192s] 
[3.192s] In file included from [01m[K/opt/ros/humble/include/rclcpp/rclcpp/executors/single_threaded_executor.hpp:28[m[K,
[3.192s]                  from [01m[K/opt/ros/humble/include/rclcpp/rclcpp/executors.hpp:22[m[K,
[3.192s]                  from [01m[K/opt/ros/humble/include/rclcpp/rclcpp/rclcpp.hpp:155[m[K,
[3.192s]                  from [01m[K/home/jasper/RoboWorks_Comp_Team/brain/src/roboworks_brain/src/brain_node.cpp:1[m[K:
[3.192s] [01m[K/opt/ros/humble/include/rclcpp/rclcpp/node.hpp:252:3:[m[K [01;36m[Knote: [m[Kcandidate: â€˜[01m[Ktemplate<class ServiceT> typename rclcpp::Client<ServiceT>::SharedPtr rclcpp::Node::create_client(const string&, const rmw_qos_profile_t&, rclcpp::CallbackGroup::SharedPtr)[m[Kâ€™
[3.193s]   252 |   [01;36m[Kcreate_client[m[K(
[3.193s]       |   [01;36m[K^~~~~~~~~~~~~[m[K
[3.193s] [01m[K/opt/ros/humble/include/rclcpp/rclcpp/node.hpp:252:3:[m[K [01;36m[Knote: [m[K  template argument deduction/substitution failed:
[5.403s] gmake[2]: *** [CMakeFiles/brain_node.dir/build.make:76: CMakeFiles/brain_node.dir/src/brain_node.cpp.o] Error 1
[5.403s] gmake[1]: *** [CMakeFiles/Makefile2:137: CMakeFiles/brain_node.dir/all] Error 2
[5.403s] gmake: *** [Makefile:146: all] Error 2
[5.405s] Invoked command in '/home/jasper/RoboWorks_Comp_Team/brain/build/roboworks_brain' returned '2': CMAKE_PREFIX_PATH=${CMAKE_PREFIX_PATH}:/home/jasper/ws_moveit2/install/moveit_configs_utils:/home/jasper/ws_moveit2/install/launch_param_builder:/opt/ros/humble /usr/bin/cmake --build /home/jasper/RoboWorks_Comp_Team/brain/build/roboworks_brain -- -j8 -l8
